
P A U P *
Version 4.0a (build 165) for Unix/Linux (built on Apr  1 2019 at 22:56:19)
Sun Jun 23 22:58:45 2019


paup> svdq bootstrap nreps = 200 treeFile = rad.singletons.m4.boots.tre nthreads = 8

Analysis using SVDQuartets method

  Number of taxa (lineages) in the analysis = 29
  No species-membership partition is in effect; assuming one tip per species
  Quartet sampling = exhaustive (23751 quartets)
  Doing standard bootstrap analysis
    Initial bootstrap seed = generated automatically
    Number of bootstrap replicates = 200
  Tree model = multispecies coalescent (expected rank of flattening matrix for true tree = 10)
  Using 8 parallel threads on 8 physical (16 logical) processors
  Tree search:
    Quartet assembly algorithm = QFM
    Local search = none
  Writing trees for bootstrap replicates to file: rad.singletons.m4.boots.tre

Quartet assembly completed:
  Total weight of incompatible quartets = 6252 (26.323%)
  Total weight of compatible quartets   = 17499 (73.677%)
  Time used for QFM = 0.01 sec (CPU time = 0.06 sec)

Tree from SVDQuartets analysis (also stored to tree buffer):

/----------------------------------------------------------------------------------------------------------------------------------- ELM MOR 104A
|
|                                                                                                                       /----------- ELM MOR 107B
|                                                                                                            /----------+
|                                                                                                            |          \----------- ELM MOR 108B
|                                                                                                 /----------+
|                                                                                                 |          \---------------------- ULMGLAB 1
|                                                                                                 |
|                                                                           /---------------------+                     /----------- ELM MOR 89B
|                                                                           |                     |          /----------+
|                                                                           |                     |          |          \----------- ULMPARvarCOR 1
|                                                                           |                     \----------+
|                                                                           |                                |          /----------- ULMLAM 1
|                                                                           |                                \----------+
|                                                                           |                                           \----------- ULMMAC 2
|                                                                 /---------+
|                                                                 |         |                                /---------------------- ELM MOR 83B
|                                                                 |         |                                |
|                                                                 |         |          /---------------------+          /----------- ELM MOR 113
|                                                                 |         |          |                     \----------+
|                                                                 |         |          |                                \----------- ELM MOR 115
|                                                                 |         |          |
|                                                                 |         |          |                                /----------- ULMCHE 1
|                                                                 |         \----------+                     /----------+
|                                                                 |                    |                     |          \----------- ULMGAU 2
|                                                      /----------+                    |          /----------+
|                                                      |          |                    |          |          |          /----------- ULMPRU 1
|                                                      |          |                    |          |          \----------+
|                                                      |          |                    \----------+                     \----------- ELM MOR 72B
|                                                      |          |                               |
|                                           /----------+          |                               |                     /----------- ULMWIL 1
|                                           |          |          |                               \---------------------+
|                                           |          |          |                                                     \----------- ULMSZE 1
|                                           |          |          |
|                                           |          |          \----------------------------------------------------------------- ELM MOR 94B
|                                /----------+          |
|                                |          |          \---------------------------------------------------------------------------- ELM MOR 87A
|                                |          |
|                                |          |                                                                           /----------- HEMDAV 1
|                                |          \---------------------------------------------------------------------------+
|                                |                                                                                      \----------- ZELSER 1
|                                |
|                     /----------+                                                     /-------------------------------------------- ELM MOR 112
|                     |          |                                                     |
|                     |          |                                                     |                                /----------- ELM MOR 76A
|                     |          |                                          /----------+                     /----------+
|                     |          |                                          |          |                     |          \----------- ULMALA 1
|                     |          |                                          |          |          /----------+
|          /----------+          |                                          |          \----------+          \---------------------- ULMSER 1
|          |          |          \------------------------------------------+                     |
|          |          |                                                     |                     \--------------------------------- ULMCRA 2
|          |          |                                                     |
\----------+          |                                                     \------------------------------------------------------- ELM MOR 79B
           |          |
           |          \------------------------------------------------------------------------------------------------------------- ULMLAE 2
           |
           \------------------------------------------------------------------------------------------------------------------------ ELM MOR 96B

Bootstrap 50% majority-rule consensus tree
   (plus other groups compatible with this tree)

/-------------------------------------------------------------------------------------- ELM MOR 104A(1)
|
|                                                                              /------- ELM MOR 107B(2)
|                                                                        /-78--+
|                                                                        |     \------- ELM MOR 108B(26)
|                                                                 /--64--+
|                                                                 |      \------------- ULMGLAB 1(21)
|                                                           /-46--+
|                                                           |     |            /------- ELM MOR 89B(8)
|                                                           |     \-----65-----+
|                                             /-----55------+                  \------- ULMPARvarCOR 1(16)
|                                             |             |
|                                             |             |                  /------- ULMLAM 1(14)
|                                             |             \-------100--------+
|                                             |                                \------- ULMMAC 2(15)
|                                             |
|                                             |             /-------------------------- ELM MOR 83B(6)
|                                             |             |
|                                       /-63--+             |                  /------- ULMCHE 1(11)
|                                       |     |             |            /-48--+
|                                       |     |      /--46--+            |     \------- ULMGAU 2(23)
|                                       |     |      |      |     /--38--+
|                                       |     |      |      |     |      |     /------- ULMPRU 1(24)
|                                       |     |      |      |     |      \-100-+
|                                       |     |      |      \-100-+            \------- ELM MOR 72B(28)
|                                       |     |      |            |
|                                /-100--+     \--44--+            |            /------- ULMWIL 1(17)
|                                |      |            |            \-----94-----+
|                                |      |            |                         \------- ULMSZE 1(25)
|                                |      |            |
|                                |      |            |                         /------- ELM MOR 113(27)
|                         /-100--+      |            \-----------92------------+
|                         |      |      |                                      \------- ELM MOR 115(29)
|                         |      |      |
|                         |      |      \---------------------------------------------- ELM MOR 94B(19)
|                   /-100-+      |
|                   |     |      \----------------------------------------------------- ELM MOR 87A(7)
|                   |     |
|                   |     |                                                    /------- HEMDAV 1(9)
|                   |     \------------------------100-------------------------+
|                   |                                                          \------- ZELSER 1(18)
|                   |
|            /-100--+                                       /-------------------------- ELM MOR 112(3)
|            |      |                                       |
|            |      |                                       |                  /------- ELM MOR 76A(4)
|            |      |                                /-100--+            /-94--+
|            |      |                                |      |            |     \------- ULMALA 1(10)
|            |      |                                |      |     /--58--+
|      /-100-+      |                                |      \-100-+      \------------- ULMSER 1(22)
|      |     |      \--------------100---------------+            |
|      |     |                                       |            \-------------------- ULMCRA 2(12)
|      |     |                                       |
\------+     |                                       \--------------------------------- ELM MOR 79B(5)
       |     |
       |     \------------------------------------------------------------------------- ULMLAE 2(13)
       |
       \------------------------------------------------------------------------------- ELM MOR 96B(20)

Bipartitions found in one or more trees and frequency of occurrence (bootstrap support values):

         1         2        2
12345678901234567890123456789          Freq        %
----------------------------------------------------
...*.....*.*.........*.......           200  100.00%
..**.....*.*.........*.......           200  100.00%
........*........*...........           200  100.00%
.......................*...*.           200  100.00%
..........*.....*.....***..*.           200  100.00%
.............**..............           200  100.00%
.*...*.*..*..****.*.*.*******           200  100.00%
.*...***..*..****.*.*.*******           200  100.00%
.*...****.*..******.*.*******           200  100.00%
.***********.******.*********           200  100.00%
.******************.*********           200  100.00%
..***....*.*.........*.......           199   99.50%
...*.....*...................           189   94.50%
................*.......*....           188   94.00%
..........................*.*           184   92.00%
.*.......................*...           156   78.00%
.......*.......*.............           130   65.00%
.*..................*....*...           127   63.50%
.*...*.*..*..****...*.*******           126   63.00%
...*.....*...........*.......           117   58.50%
.*.....*.....***....*....*...           110   55.00%
..........*...........*......            96   48.00%
.....*....*.....*.....***..*.            92   46.00%
.*.....*.......*....*....*...            91   45.50%
.....*....*.....*.....***.***            89   44.50%
...*.....*.*.................            83   41.50%
..........*...........**...*.            77   38.50%
................*.....*.*....            74   37.00%
.....*....................*.*            73   36.50%
.......*............*........            70   35.00%
.......*.....***.............            68   34.00%
.......*.......*....*........            60   30.00%
................*.....***..*.            47   23.50%
.*..................*........            44   22.00%
..........*............*...*.            42   21.00%
.*.....*.....***....*....**.*            37   18.50%
.*.....*.......*....*....**.*            35   17.50%
.*................*......*...            31   15.50%
..........*.....*.....*.*....            29   14.50%
.....*............*..........            26   13.00%
.....*....*.....*.*...***.***            20   10.00%
................*......**..*.            19    9.50%
.....*............*.......*.*            19    9.50%
.......*.......*....*.....*.*            17    8.50%
.............**...........*.*            16    8.00%
.*.....*.....***..*.*....**.*            16    8.00%
......................**...*.            14    7.00%
.....*......................*            13    6.50%
.....*.*..*....**...*.***.***            12    6.00%
..................*.......*.*            12    6.00%
......................*.*....            12    6.00%
.........*.*.................            10    5.00%

43 groups at (relative) frequency less than 5% not shown

Bootstrap consensus tree stored to tree buffer (replacing previously stored tree)

Trees from bootstrap replicates written to treefile: ~/Dropbox/ULMUS-
2014/ANALYSES/DATA.TREES/svdQuartets.2019-06-20.strictNoHybs/rad.singletons.m4.boots.tre

Time used for SVDQuartet analysis = 08:29:43 (CPU time = 67:55:04.3)

paup> savetrees

1 tree saved to file "~/Dropbox/ULMUS-2014/ANALYSES/DATA.TREES/svdQuartets.2019-06-
20.strictNoHybs/rad.singletons.m4.tre"

paup> exit

Error(#152): Command "exit" is unrecognized.
                 If it is spelled correctly, look for problems in a previous command, such as an
                 unintentional semicolon.

paup> quit
