
P A U P *
Version 4.0a (build 165) for Unix/Linux (built on Apr  1 2019 at 22:56:19)
Fri Jun 21 16:48:08 2019


paup> svdq bootstrap nreps = 200 treeFile = rad.elms.v2.boots.tre nthreads = 8

Analysis using SVDQuartets method

  Number of taxa (lineages) in the analysis = 29
  No species-membership partition is in effect; assuming one tip per species
  Quartet sampling = exhaustive (23751 quartets)
  Doing standard bootstrap analysis
    Initial bootstrap seed = generated automatically
    Number of bootstrap replicates = 200
  Tree model = multispecies coalescent (expected rank of flattening matrix for true tree = 10)
  Using 8 parallel threads on 8 physical (16 logical) processors
  Tree search:
    Quartet assembly algorithm = QFM
    Local search = none
  Writing trees for bootstrap replicates to file: rad.elms.v2.boots.tre

Quartet assembly completed:
  Total weight of incompatible quartets = 8252 (34.744%)
  Total weight of compatible quartets   = 15499 (65.256%)
  Time used for QFM = 0.01 sec (CPU time = 0.08 sec)

Tree from SVDQuartets analysis (also stored to tree buffer):

/------------------------------------------------------------------------------------ ELM MOR 104A
|
|                                                                           /-------- ELM MOR 107B
|                                                                    /------+
|                                                                    |      \-------- ULMGLAB 1
|                                                            /-------+
|                                                            |       \--------------- ELM MOR 108B
|                                                            |
|                                             /--------------+              /-------- ELM MOR 83B
|                                             |              |       /------+
|                                             |              |       |      \-------- ULMLAM 1
|                                             |              \-------+
|                                             |                      \--------------- ELM MOR 115
|                                             |
|                                             |                             /-------- ELM MOR 89B
|                                             |                      /------+
|                                     /-------+                      |      \-------- ULMPARvarCOR 1
|                                     |       |              /-------+
|                                     |       |              |       \--------------- ELM MOR 94B
|                                     |       |      /-------+
|                                     |       |      |       |              /-------- ULMMAC 2
|                                     |       |      |       \--------------+
|                                     |       |      |                      \-------- ELM MOR 113
|                                     |       |      |
|                                     |       \------+                      /-------- ULMCHE 1
|                                     |              |               /------+
|                              /------+              |               |      \-------- ULMGAU 2
|                              |      |              |       /-------+
|                              |      |              |       |       |      /-------- ULMWIL 1
|                              |      |              |       |       \------+
|                              |      |              \-------+              \-------- ULMSZE 1
|                              |      |                      |
|                      /-------+      |                      |              /-------- ULMPRU 1
|                      |       |      |                      \--------------+
|                      |       |      |                                     \-------- ELM MOR 72B
|                      |       |      |
|                      |       |      \---------------------------------------------- ELM MOR 87A
|                      |       |
|                      |       |                                            /-------- HEMDAV 1
|                      |       \--------------------------------------------+
|                      |                                                    \-------- ZELSER 1
|              /-------+
|              |       |                             /------------------------------- ELM MOR 112
|              |       |                             |
|              |       |                             |                      /-------- ELM MOR 76A
|              |       |                      /------+               /------+
|              |       |                      |      |               |      \-------- ULMALA 1
|       /------+       |                      |      |       /-------+
|       |      |       |                      |      \-------+       \--------------- ULMSER 1
|       |      |       \----------------------+              |
|       |      |                              |              \----------------------- ULMCRA 2
|       |      |                              |
\-------+      |                              \-------------------------------------- ELM MOR 79B
        |      |
        |      \--------------------------------------------------------------------- ULMLAE 2
        |
        \---------------------------------------------------------------------------- ELM MOR 96B

Bootstrap 50% majority-rule consensus tree
   (plus other groups compatible with this tree)

/-------------------------------------------------------------------------------- ELM MOR 104A(1)
|
|                                                                        /------- ELM MOR 107B(2)
|                                                                  /-62--+
|                                                                  |     \------- ULMGLAB 1(21)
|                                                           /--44--+
|                                                           |      \------------- ELM MOR 108B(26)
|                                                    /--14--+
|                                                    |      |            /------- ELM MOR 83B(6)
|                                       /-----6------+      \-----20-----+
|                                       |            |                   \------- ELM MOR 115(29)
|                                       |            |
|                                       |            \--------------------------- ULMLAM 1(14)
|                                       |
|                                       |                                /------- ELM MOR 89B(8)
|                                       |                          /-42--+
|                                       |                          |     \------- ULMPARvarCOR 1(16)
|                                       |            /-----12------+
|                                /-100--+            |             \------------- ELM MOR 94B(19)
|                                |      |            |
|                                |      |            |                   /------- ULMCHE 1(11)
|                                |      |      /-10--+             /-54--+
|                                |      |      |     |             |     \------- ULMGAU 2(23)
|                                |      |      |     |      /--70--+
|                                |      |      |     |      |      |     /------- ULMWIL 1(17)
|                                |      |      |     |      |      \-100-+
|                                |      |      |     \--64--+            \------- ULMSZE 1(25)
|                          /-100-+      \--3---+            |
|                          |     |             |            |            /------- ULMPRU 1(24)
|                          |     |             |            \-----97-----+
|                          |     |             |                         \------- ELM MOR 72B(28)
|                          |     |             |
|                          |     |             |                         /------- ULMMAC 2(15)
|                   /-100--+     |             \-----------93------------+
|                   |      |     |                                       \------- ELM MOR 113(27)
|                   |      |     |
|                   |      |     \----------------------------------------------- ELM MOR 87A(7)
|                   |      |
|                   |      |                                             /------- HEMDAV 1(9)
|                   |      \---------------------100---------------------+
|                   |                                                    \------- ZELSER 1(18)
|            /-100--+
|            |      |                                /--------------------------- ELM MOR 112(3)
|            |      |                                |
|            |      |                                |                   /------- ELM MOR 76A(4)
|            |      |                          /-96--+             /-98--+
|            |      |                          |     |             |     \------- ULMALA 1(10)
|      /-100-+      |                          |     |      /--87--+
|      |     |      |                          |     \-100--+      \------------- ULMSER 1(22)
|      |     |      \-----------100------------+            |
|      |     |                                 |            \-------------------- ULMCRA 2(12)
|      |     |                                 |
\------+     |                                 \--------------------------------- ELM MOR 79B(5)
       |     |
       |     \------------------------------------------------------------------- ULMLAE 2(13)
       |
       \------------------------------------------------------------------------- ELM MOR 96B(20)

Bipartitions found in one or more trees and frequency of occurrence (bootstrap support values):

         1         2        2
12345678901234567890123456789          Freq        %
----------------------------------------------------
...*.....*.*.........*.......           200  100.00%
..***....*.*.........*.......           200  100.00%
........*........*...........           200  100.00%
................*.......*....           200  100.00%
.*...*.*..*..****.*.*.*******           200  100.00%
.*...****.*..******.*.*******           200  100.00%
.***********.******.*********           200  100.00%
.******************.*********           200  100.00%
.*...***..*..****.*.*.*******           199   99.50%
...*.....*...................           196   98.00%
.......................*...*.           194   97.00%
..**.....*.*.........*.......           193   96.50%
..............*...........*..           186   93.00%
...*.....*...........*.......           174   87.00%
..........*.....*.....*.*....           141   70.50%
..........*.....*.....***..*.           127   63.50%
.*..................*........           125   62.50%
..........*...........*......           108   54.00%
.*..................*....*...            89   44.50%
................*.....*.*....            84   42.00%
.......*.......*.............            83   41.50%
...............*..*..........            71   35.50%
.*.......................*...            58   29.00%
.......*.....*...............            57   28.50%
.........................*..*            52   26.00%
.....*.*.....................            49   24.50%
.....*......................*            41   20.50%
.............*..............*            40   20.00%
.*..................*....*..*            37   18.50%
.......*.....**...........*..            34   17.00%
.....*.......*...............            32   16.00%
.............**...........*.*            31   15.50%
.*...*..............*....*..*            27   13.50%
..........*............*...*.            26   13.00%
.....*..............*........            26   13.00%
.....*.*..*....**.*...***..*.            25   12.50%
...............*............*            24   12.00%
...........*.........*.......            24   12.00%
.......*.......*..*..........            24   12.00%
.....*............*..........            22   11.00%
.......*..*....**.*...***..*.            21   10.50%
.....*.*.......*..*..........            20   10.00%
.*...*.*..*....**.*.*.****.*.            19    9.50%
.............**...*.......*..            18    9.00%
.............*....*..........            18    9.00%
..............**..*.......*..            15    7.50%
.*...........**.....*....**.*            14    7.00%
.............**..............            14    7.00%
.*...*.*..*....**...*.****.**            14    7.00%
..........*.......*..........            14    7.00%
..............*...*.......*..            14    7.00%
.*...*..............*....*...            13    6.50%
.......*..*....**.....***..*.            13    6.50%
.....*.*.....*.*.............            13    6.50%
................*.....***..*.            13    6.50%
....................*....*...            13    6.50%
.....*.*.......*............*            12    6.00%
.*...*.......*......*....*..*            12    6.00%
.*...*.*..*..*..*...*.****.**            12    6.00%
.....*.*.....*...............            12    6.00%
.*...*.*..*..**.*...*.*******            12    6.00%
.....*.................*...*.            11    5.50%
.*...*.*.....*......*....*..*            11    5.50%
..........*....**.*...***..*.            11    5.50%
.*...........*...............            11    5.50%
.....*.*..*....**.....***..**            10    5.00%
.......*.......*.......*...*.            10    5.00%
..........*...*.*.....*.*.*..            10    5.00%
.*...........*......*....*...            10    5.00%

263 groups at (relative) frequency less than 5% not shown

Bootstrap consensus tree stored to tree buffer (replacing previously stored tree)

Trees from bootstrap replicates written to treefile: ~/Dropbox/ULMUS-
2014/ANALYSES/DATA.TREES/svdQuartets.2019-06-20.strictNoHybs/rad.elms.v2.boots.tre

Time used for SVDQuartet analysis = 03:40:12 (CPU time = 29:20:16.8)

paup> savetrees

1 tree saved to file "~/Dropbox/ULMUS-2014/ANALYSES/DATA.TREES/svdQuartets.2019-06-20.strictNoHybs/rad.singletons.v2.tre"

paup> quit
