
P A U P *
Version 4.0a (build 165) for Unix/Linux (built on Apr  1 2019 at 22:56:19)
Fri Jun 21 10:00:16 2019


paup> svdq ?

Usage: SVDQuartets [options...];

Available options:

Keyword ------- Option type -------------------------------------- Current setting -----------------
evalQuartets    all|random                                         random
nquartets       <real-value>                                       100000
preferAllQ      no|yes                                             yes
taxpartition    <taxpartition-name>                                (none)
treeInf         QFM|curTrees|none                                  QFM
seed            <int> or <int:int:int:int>                         0
bootstrap       no|standard|multilocus                             standard
loci            <charpartition-name>                               (none)
nreps           <integer-value>                                    100
nthreads        auto|<number-of-threads>                           2
mrpFile         <species-outfile-name>                             (none)
qfile           <quartets-outfile-name>                            (none)
qformat         qmc|qfm                                            qmc
replace         no|yes                                            *no
showScores      no|yes                                             no
showSV          no|yes                                             no
treeFile        <filename-for-bootstrap-treefile>                  (none)
treemodel       mscoalescent|shared                                mscoalescent
forceRank       <integer-value>                                    0
keepQuartets    no|yes                                             no
method          pseudolike|moments4|ML4                            pseudolike
theta           <real-value>|estimate                              estimate
sitePatProb     expectedBL|MonteCarlo|ExactJC                      expectedBL
nlociForMC      <integer-value>                                    100000
poolJC          no|yes                                             yes
ambigs          missing|distribute                                 distribute
plus2           no|yes                                             no
includeInAll    no|<taxon-id>|<partition-subset-name>             *(none)

The following options are for experimental research and are not generally safe/useful:

Keyword ------- Option type -------------------------------------- Current setting -----------------
qweights        none|reciprocal|exponential                        none
wtlambda        <real-value>                                       1000
lakeInvar       no|yes                                             no
frobDFile       <filename-for-Frobenius-dists>                     (none)
                                                                  *Option is nonpersistent

paup> svdq bootstrap nreps = 200 treeFile = rad.elms.boots.tre

Analysis using SVDQuartets method

  Number of taxa (lineages) in the analysis = 27
  No species-membership partition is in effect; assuming one tip per species
  Quartet sampling = exhaustive (17550 quartets)
  Doing standard bootstrap analysis
    Initial bootstrap seed = generated automatically
    Number of bootstrap replicates = 200
  Tree model = multispecies coalescent (expected rank of flattening matrix for true tree = 10)
  Using 2 parallel threads on 8 physical (16 logical) processors
  Tree search:
    Quartet assembly algorithm = QFM
    Local search = none
  Writing trees for bootstrap replicates to file: rad.elms.boots.tre

SVDQuartets analysis aborted.

paup> svdq bootstrap nreps = 200 treeFile = rad.elms.boots.tre nthreads = 8

Analysis using SVDQuartets method

  Number of taxa (lineages) in the analysis = 27
  No species-membership partition is in effect; assuming one tip per species
  Quartet sampling = exhaustive (17550 quartets)
  Doing standard bootstrap analysis
    Initial bootstrap seed = generated automatically
    Number of bootstrap replicates = 200
  Tree model = multispecies coalescent (expected rank of flattening matrix for true tree = 10)
  Using 8 parallel threads on 8 physical (16 logical) processors
  Tree search:
    Quartet assembly algorithm = QFM
    Local search = none
  Writing trees for bootstrap replicates to file: rad.elms.boots.tre

OK to replace file "rad.elms.boots.tre"? (Y/n)Y

Quartet assembly completed:
  Total weight of incompatible quartets = 6485 (36.952%)
  Total weight of compatible quartets   = 11065 (63.048%)
  Time used for QFM = 0.00 sec (CPU time = 0.05 sec)

Tree from SVDQuartets analysis (also stored to tree buffer):

/--------------------------------------------------------------------------------------------------------------------------------------------------------- ELM MOR 104A
|
|                                                                                                                                          /-------------- ELM MOR 107B
|                                                                                                                            /-------------+
|                                                                                                                            |             \-------------- ELM MOR 108B
|                                                                                                              /-------------+
|                                                                                                /-------------+             \---------------------------- ULMGLAB 1
|                                                                                                |             |
|                                                                                                |             \------------------------------------------ ELM MOR 115
|                                                                     /--------------------------+
|                                                                     |                          |                                         /-------------- ULMMAC 2
|                                                                     |                          \-----------------------------------------+
|                                                                     |                                                                    \-------------- ELM MOR 113
|                                                                     |
|                                                                     |                                                                    /-------------- ELM MOR 83B
|                                                       /-------------+                                                      /-------------+
|                                                       |             |                                                      |             \-------------- ELM MOR 89B
|                                                       |             |            /-----------------------------------------+
|                                                       |             |            |                                         |             /-------------- ULMLAM 1
|                                                       |             |            |                                         \-------------+
|                                                       |             |            |                                                       \-------------- ULMPARvarCOR 1
|                                                       |             |            |
|                                                       |             \------------+                                                       /-------------- ULMCHE 1
|                                                       |                          |             /-----------------------------------------+
|                                                       |                          |             |                                         \-------------- ELM MOR 94B
|                                                       |                          |             |
|                                         /-------------+                          \-------------+                                         /-------------- ULMWIL 1
|                                         |             |                                        |             /---------------------------+
|                                         |             |                                        |             |                           \-------------- ULMSZE 1
|                                         |             |                                        \-------------+
|                                         |             |                                                      |             /---------------------------- ULMGAU 2
|                                         |             |                                                      |             |
|                                         |             |                                                      \-------------+             /-------------- ULMPRU 1
|                                         |             |                                                                    \-------------+
|                                         |             |                                                                                  \-------------- ELM MOR 72B
|                           /-------------+             |
|                           |             |             \------------------------------------------------------------------------------------------------- ELM MOR 87A
|                           |             |
|                           |             |                                                      /-------------------------------------------------------- ELM MOR 112
|                           |             |                                                      |
|                           |             |                                                      |                                         /-------------- ELM MOR 76A
|                           |             |                                        /-------------+                           /-------------+
|                           |             |                                        |             |                           |             \-------------- ULMALA 1
|             /-------------+             |                                        |             |             /-------------+
|             |             |             |                                        |             \-------------+             \---------------------------- ULMSER 1
|             |             |             \----------------------------------------+                           |
|             |             |                                                      |                           \------------------------------------------ ULMCRA 2
\-------------+             |                                                      |
              |             |                                                      \---------------------------------------------------------------------- ELM MOR 79B
              |             |
              |             \----------------------------------------------------------------------------------------------------------------------------- ULMLAE 2
              |
              \------------------------------------------------------------------------------------------------------------------------------------------- ELM MOR 96B

Bootstrap 50% majority-rule consensus tree
   (plus other groups compatible with this tree)

/----------------------------------------------------------------------------------------------- ELM MOR 104A(1)
|
|                                                                                      /-------- ELM MOR 107B(2)
|                                                                              /--60---+
|                                                                              |       \-------- ELM MOR 108B(24)
|                                                                      /--18---+
|                                                                      |       \---------------- ELM MOR 94B(17)
|                                                                      |
|                                       /--------------4---------------+               /-------- ULMMAC 2(14)
|                                       |                              |       /--96---+
|                                       |                              |       |       \-------- ELM MOR 113(25)
|                                       |                              \---8---+
|                                       |                                      |       /-------- ULMGLAB 1(19)
|                                       |                                      \--22---+
|                                       |                                              \-------- ELM MOR 115(27)
|                                       |
|                                       |                                              /-------- ELM MOR 83B(6)
|                                       |              /--------------90---------------+
|                               /--100--+              |                               \-------- ELM MOR 89B(8)
|                               |       |              |
|                               |       |              |                       /---------------- ULMCHE 1(10)
|                               |       |              |                       |
|                               |       |       /--10--+               /--34---+       /-------- ULMWIL 1(16)
|                               |       |       |      |               |       \--98---+
|                               |       |       |      |       /--48---+               \-------- ULMSZE 1(23)
|                               |       |       |      |       |       |
|                               |       |       |      \--36---+       \------------------------ ULMGAU 2(21)
|                       /--100--+       \--11---+              |
|                       |       |               |              |                       /-------- ULMPRU 1(22)
|                       |       |               |              \----------64-----------+
|                       |       |               |                                      \-------- ELM MOR 72B(26)
|                       |       |               |
|                       |       |               |                                      /-------- ULMLAM 1(13)
|                       |       |               \------------------28------------------+
|                       |       |                                                      \-------- ULMPARvarCOR 1(15)
|                       |       |
|               /--100--+       \--------------------------------------------------------------- ELM MOR 87A(7)
|               |       |
|               |       |                                      /-------------------------------- ELM MOR 112(3)
|               |       |                                      |
|               |       |                                      |                       /-------- ELM MOR 76A(4)
|               |       |                              /--65---+               /--70---+
|               |       |                              |       |               |       \-------- ULMALA 1(9)
|       /--100--+       |                              |       |       /--68---+
|       |       |       |                              |       \--81---+       \---------------- ULMSER 1(20)
|       |       |       \-------------100--------------+               |
|       |       |                                      |               \------------------------ ULMCRA 2(11)
\-------+       |                                      |
        |       |                                      \---------------------------------------- ELM MOR 79B(5)
        |       |
        |       \------------------------------------------------------------------------------- ULMLAE 2(12)
        |
        \--------------------------------------------------------------------------------------- ELM MOR 96B(18)

Bipartitions found in one or more trees and frequency of occurrence (bootstrap support values):

         1         2      2
123456789012345678901234567          Freq        %
--------------------------------------------------
..***...*.*........*.......           200  100.00%
.*...*.*.*..*****.*.*******           200  100.00%
.*...***.*..*****.*.*******           200  100.00%
.**********.*****.*********           200  100.00%
.****************.*********           200  100.00%
...............*......*....           196   98.00%
.............*..........*..           193   96.50%
.....*.*...................           179   89.50%
...*....*.*........*.......           162   81.00%
...*....*..................           140   70.00%
...*....*..........*.......           137   68.50%
..**....*.*........*.......           130   65.00%
.....................*...*.           129   64.50%
.*.....................*...           121   60.50%
.........*.....*....*.*....            95   47.50%
.........*.....*....***..*.            71   35.50%
..............*..........*.            69   34.50%
...**...*.*........*.......            68   34.00%
.........*.....*......*....            68   34.00%
.........*.....*....***....            67   33.50%
............*.*............            57   28.50%
........*.*........*.......            53   26.50%
............*.............*            50   25.00%
..................*....*...            49   24.50%
........*..........*.......            48   24.00%
.........*..........*......            47   23.50%
..................*.......*            45   22.50%
.*................*....*...            43   21.50%
.*..............*..........            42   21.00%
..............*......*...*.            37   18.50%
.*..............*......*...            35   17.50%
.*................*....*..*            30   15.00%
...............*....*.*....            29   14.50%
.....*.*..........*........            28   14.00%
.......................*..*            27   13.50%
.*..........*..............            27   13.50%
.........*.....*.....**....            27   13.50%
.........*....**....***..*.            26   13.00%
...............*....***....            26   13.00%
.....*.*.*....**....***..*.            25   12.50%
............**..........*.*            24   12.00%
.........*...........*.....            24   12.00%
..................*....*..*            22   11.00%
.....*.*.*..*.**....***..*.            22   11.00%
.....*.*.*.....*....***..*.            21   10.50%
.*...*.*.*....***.*.****.*.            21   10.50%
.....*.*......*..........*.            21   10.50%
.....*.*.*....***...***..*.            20   10.00%
....................**.....            20   10.00%
.....*.*.....*..........*..            19    9.50%
.....*.*.*..*****...***.**.            18    9.00%
...**......................            18    9.00%
................*.........*            18    9.00%
...............*.....**....            18    9.00%
.....*.*........*..........            16    8.00%
.....*.*....*.*............            16    8.00%
............***.........*..            15    7.50%
.*..........*...*..........            15    7.50%
.............*....*.....*.*            15    7.50%
..............*.*..........            15    7.50%
..............*.*........*.            15    7.50%
.........*......*..........            14    7.00%
..........*........*.......            14    7.00%
.*..............*.*....*..*            14    7.00%
..*.....*.*........*.......            13    6.50%
.*..............*.*....*...            13    6.50%
............*...*..........            13    6.50%
.*..........*.....*....*..*            12    6.00%
.............*..*.......*.*            12    6.00%
.*..............*......*..*            11    5.50%
.....*.*.*...****...***.**.            11    5.50%
............*.*..........*.            11    5.50%
.....*.*.....*....*.....*..            10    5.00%
.............*..*.......*..            10    5.00%
.*...*.*.*..*****...***.**.            10    5.00%
.*.....................*..*            10    5.00%

255 groups at (relative) frequency less than 5% not shown

Bootstrap consensus tree stored to tree buffer (replacing previously stored tree)

Trees from bootstrap replicates written to treefile: ~/Dropbox/ULMUS-2014/ANALYSES/DATA.TREES/svdQuartets.2019-06-
20.strictNoHybs/rad.elms.boots.tre

Time used for SVDQuartet analysis = 02:00:18 (CPU time = 16:01:16.2)

paup> savetrees

1 tree saved to file "~/Dropbox/ULMUS-2014/ANALYSES/DATA.TREES/svdQuartets.2019-06-
20.strictNoHybs/rad.singletons.tre"

paup> log stop
